execve("./server", ["./server"], 0x7ffcf57a76f0 /* 35 vars */) = 0
brk(NULL)                               = 0x55fa98938000
arch_prctl(0x3001 /* ARCH_??? */, 0x7ffe3f96b020) = -1 EINVAL (Invalid argument)
mmap(NULL, 8192, PROT_READ|PROT_WRITE, MAP_PRIVATE|MAP_ANONYMOUS, -1, 0) = 0x7f35fe40e000
access("/etc/ld.so.preload", R_OK)      = -1 ENOENT (No such file or directory)
openat(AT_FDCWD, "/etc/ld.so.cache", O_RDONLY|O_CLOEXEC) = 3
newfstatat(3, "", {st_mode=S_IFREG|0644, st_size=25199, ...}, AT_EMPTY_PATH) = 0
mmap(NULL, 25199, PROT_READ, MAP_PRIVATE, 3, 0) = 0x7f35fe407000
close(3)                                = 0
openat(AT_FDCWD, "/lib/x86_64-linux-gnu/libc.so.6", O_RDONLY|O_CLOEXEC) = 3
read(3, "\177ELF\2\1\1\3\0\0\0\0\0\0\0\0\3\0>\0\1\0\0\0P\237\2\0\0\0\0\0"..., 832) = 832
pread64(3, "\6\0\0\0\4\0\0\0@\0\0\0\0\0\0\0@\0\0\0\0\0\0\0@\0\0\0\0\0\0\0"..., 784, 64) = 784
pread64(3, "\4\0\0\0 \0\0\0\5\0\0\0GNU\0\2\0\0\300\4\0\0\0\3\0\0\0\0\0\0\0"..., 48, 848) = 48
pread64(3, "\4\0\0\0\24\0\0\0\3\0\0\0GNU\0I\17\357\204\3$\f\221\2039x\324\224\323\236S"..., 68, 896) = 68
newfstatat(3, "", {st_mode=S_IFREG|0755, st_size=2220400, ...}, AT_EMPTY_PATH) = 0
pread64(3, "\6\0\0\0\4\0\0\0@\0\0\0\0\0\0\0@\0\0\0\0\0\0\0@\0\0\0\0\0\0\0"..., 784, 64) = 784
mmap(NULL, 2264656, PROT_READ, MAP_PRIVATE|MAP_DENYWRITE, 3, 0) = 0x7f35fe1de000
mprotect(0x7f35fe206000, 2023424, PROT_NONE) = 0
mmap(0x7f35fe206000, 1658880, PROT_READ|PROT_EXEC, MAP_PRIVATE|MAP_FIXED|MAP_DENYWRITE, 3, 0x28000) = 0x7f35fe206000
mmap(0x7f35fe39b000, 360448, PROT_READ, MAP_PRIVATE|MAP_FIXED|MAP_DENYWRITE, 3, 0x1bd000) = 0x7f35fe39b000
mmap(0x7f35fe3f4000, 24576, PROT_READ|PROT_WRITE, MAP_PRIVATE|MAP_FIXED|MAP_DENYWRITE, 3, 0x215000) = 0x7f35fe3f4000
mmap(0x7f35fe3fa000, 52816, PROT_READ|PROT_WRITE, MAP_PRIVATE|MAP_FIXED|MAP_ANONYMOUS, -1, 0) = 0x7f35fe3fa000
close(3)                                = 0
mmap(NULL, 12288, PROT_READ|PROT_WRITE, MAP_PRIVATE|MAP_ANONYMOUS, -1, 0) = 0x7f35fe1db000
arch_prctl(ARCH_SET_FS, 0x7f35fe1db740) = 0
set_tid_address(0x7f35fe1dba10)         = 21068
set_robust_list(0x7f35fe1dba20, 24)     = 0
rseq(0x7f35fe1dc0e0, 0x20, 0, 0x53053053) = 0
mprotect(0x7f35fe3f4000, 16384, PROT_READ) = 0
mprotect(0x55fa76c9f000, 4096, PROT_READ) = 0
mprotect(0x7f35fe448000, 8192, PROT_READ) = 0
prlimit64(0, RLIMIT_STACK, NULL, {rlim_cur=8192*1024, rlim_max=RLIM64_INFINITY}) = 0
munmap(0x7f35fe407000, 25199)           = 0
socket(AF_INET, SOCK_STREAM, IPPROTO_IP) = 3
setsockopt(3, SOL_SOCKET, SO_REUSEPORT, [1], 4) = 0
bind(3, {sa_family=AF_INET, sin_port=htons(8080), sin_addr=inet_addr("0.0.0.0")}, 16) = 0
listen(3, 10)                           = 0
getpid()                                = 21068
newfstatat(1, "", {st_mode=S_IFCHR|0620, st_rdev=makedev(0x88, 0x4), ...}, AT_EMPTY_PATH) = 0
getrandom("\xc0\x12\xcd\x5c\x00\x6c\xb7\x00", 8, GRND_NONBLOCK) = 8
brk(NULL)                               = 0x55fa98938000
brk(0x55fa98959000)                     = 0x55fa98959000
write(1, "Server is running on port 8080 w"..., 49) = 49
rt_sigaction(SIGCHLD, {sa_handler=0x55fa76c9d469, sa_mask=[CHLD], sa_flags=SA_RESTORER|SA_RESTART, sa_restorer=0x7f35fe220520}, {sa_handler=SIG_DFL, sa_mask=[], sa_flags=0}, 8) = 0
accept(3, {sa_family=AF_INET, sin_port=htons(49182), sin_addr=inet_addr("127.0.0.1")}, [16]) = 4
write(1, "New connection from 127.0.0.1:49"..., 36) = 36
getpid()                                = 21068
openat(AT_FDCWD, "server_log.txt", O_WRONLY|O_CREAT|O_APPEND, 0666) = 5
lseek(5, 0, SEEK_END)                   = 6684
openat(AT_FDCWD, "/etc/localtime", O_RDONLY|O_CLOEXEC) = 6
newfstatat(6, "", {st_mode=S_IFREG|0644, st_size=383, ...}, AT_EMPTY_PATH) = 0
newfstatat(6, "", {st_mode=S_IFREG|0644, st_size=383, ...}, AT_EMPTY_PATH) = 0
read(6, "TZif2\0\0\0\0\0\0\0\0\0\0\0\0\0\0\0\0\0\0\7\0\0\0\7\0\0\0\0"..., 4096) = 383
lseek(6, -211, SEEK_CUR)                = 172
read(6, "TZif2\0\0\0\0\0\0\0\0\0\0\0\0\0\0\0\0\0\0\7\0\0\0\7\0\0\0\0"..., 4096) = 211
close(6)                                = 0
newfstatat(5, "", {st_mode=S_IFREG|0644, st_size=6684, ...}, AT_EMPTY_PATH) = 0
write(5, "[Sun Dec  8 17:23:04 2024] PID 2"..., 67) = 67
close(5)                                = 0
clone(child_stack=NULL, flags=CLONE_CHILD_CLEARTID|CLONE_CHILD_SETTID|SIGCHLD, child_tidptr=0x7f35fe1dba10) = 21223
write(1, "Created child process with PID 2"..., 37) = 37
close(4)                                = 0
accept(3, {sa_family=AF_INET, sin_port=htons(52820), sin_addr=inet_addr("127.0.0.1")}, [16]) = 4
write(1, "New connection from 127.0.0.1:52"..., 36) = 36
getpid()                                = 21068
openat(AT_FDCWD, "server_log.txt", O_WRONLY|O_CREAT|O_APPEND, 0666) = 5
lseek(5, 0, SEEK_END)                   = 6751
newfstatat(AT_FDCWD, "/etc/localtime", {st_mode=S_IFREG|0644, st_size=383, ...}, 0) = 0
newfstatat(5, "", {st_mode=S_IFREG|0644, st_size=6751, ...}, AT_EMPTY_PATH) = 0
write(5, "[Sun Dec  8 17:23:14 2024] PID 2"..., 67) = 67
close(5)                                = 0
clone(child_stack=NULL, flags=CLONE_CHILD_CLEARTID|CLONE_CHILD_SETTID|SIGCHLD, child_tidptr=0x7f35fe1dba10) = 21328
write(1, "Created child process with PID 2"..., 37) = 37
close(4)                                = 0
accept(3, 0x7ffe3f96aca0, [16])         = ? ERESTARTSYS (To be restarted if SA_RESTART is set)
--- SIGCHLD {si_signo=SIGCHLD, si_code=CLD_EXITED, si_pid=21223, si_uid=1000, si_status=0, si_utime=0, si_stime=0} ---
wait4(-1, NULL, WNOHANG, NULL)          = 21223
wait4(-1, NULL, WNOHANG, NULL)          = 0
rt_sigreturn({mask=[]})                 = 43
accept(3, 0x7ffe3f96aca0, [16])         = ? ERESTARTSYS (To be restarted if SA_RESTART is set)
--- SIGCHLD {si_signo=SIGCHLD, si_code=CLD_EXITED, si_pid=21328, si_uid=1000, si_status=0, si_utime=0, si_stime=0} ---
wait4(-1, NULL, WNOHANG, NULL)          = 21328
wait4(-1, NULL, WNOHANG, NULL)          = -1 ECHILD (No child processes)
rt_sigreturn({mask=[]})                 = 43
accept(3, 0x7ffe3f96aca0, [16])         = ? ERESTARTSYS (To be restarted if SA_RESTART is set)
--- SIGINT {si_signo=SIGINT, si_code=SI_KERNEL} ---
+++ killed by SIGINT +++
